<?xml version="1.0" encoding="UTF-8"?>
<!-- Generated by org.testng.reporters.JUnitReportReporter -->
<testsuite skipped="0" hostname="aruntomar-PC" name="com.facebook.test.WallethubReviewTest" tests="1" failures="0" timestamp="27 Aug 2019 00:52:15 GMT" time="40.394" errors="0">
  <testcase name="test_reviewpost" time="40.394" classname="com.facebook.test.WallethubReviewTest"/>
</testsuite> <!-- com.facebook.test.WallethubReviewTest -->
