<?xml version="1.0" encoding="UTF-8"?>
<!-- Generated by org.testng.reporters.JUnitReportReporter -->
<testsuite skipped="0" hostname="aruntomar-PC" name="com.facebook.test.FacebookTest" tests="1" failures="0" timestamp="26 Aug 2019 22:20:38 GMT" time="32.154" errors="0">
  <testcase name="post_fb_Data" time="32.154" classname="com.facebook.test.FacebookTest"/>
</testsuite> <!-- com.facebook.test.FacebookTest -->
